<?xml version="1.0" encoding="UTF-8"?>
<!-- Generated by org.testng.reporters.JUnitXMLReporter -->
<testsuite hostname="IvanIgn95" failures="0" tests="10" name="Surefire test" time="0.166" errors="0" timestamp="1 Apr 2021 18:05:26 GMT">
  <testcase classname="_.pass_alexanderHolmstromIvanIgnatkov.AdvancedCalculatorTest" name="testSquarerootMethodPositive on testSquarerootMethodPositive(_.pass_alexanderHolmstromIvanIgnatkov.AdvancedCalculatorTest)" time="0.009"/>
  <testcase classname="_.pass_alexanderHolmstromIvanIgnatkov.AdvancedCalculatorTest" name="testSquareZeroMethod on testSquareZeroMethod(_.pass_alexanderHolmstromIvanIgnatkov.AdvancedCalculatorTest)" time="0.004"/>
  <testcase classname="_.pass_alexanderHolmstromIvanIgnatkov.AdvancedCalculatorTest" name="testAbsoluteValueMethod on testAbsoluteValueMethod(_.pass_alexanderHolmstromIvanIgnatkov.AdvancedCalculatorTest)" time="0.003"/>
  <testcase classname="_.pass_alexanderHolmstromIvanIgnatkov.AdvancedCalculatorTest" name="testRaisedToThePowerOfMethod on testRaisedToThePowerOfMethod(_.pass_alexanderHolmstromIvanIgnatkov.AdvancedCalculatorTest)" time="0.003"/>
  <testcase classname="_.pass_alexanderHolmstromIvanIgnatkov.AdvancedCalculatorTest" name="testCubeMethodPositive on testCubeMethodPositive(_.pass_alexanderHolmstromIvanIgnatkov.AdvancedCalculatorTest)" time="0.004"/>
  <testcase classname="_.pass_alexanderHolmstromIvanIgnatkov.MainTest" name="testMainMethod on testMainMethod(_.pass_alexanderHolmstromIvanIgnatkov.MainTest)" time="0.001"/>
  <testcase classname="_.pass_alexanderHolmstromIvanIgnatkov.BasicCalculatorTest" name="testBasicMultiplicationMethodPositive on testBasicMultiplicationMethodPositive(_.pass_alexanderHolmstromIvanIgnatkov.BasicCalculatorTest)" time="0.003"/>
  <testcase classname="_.pass_alexanderHolmstromIvanIgnatkov.BasicCalculatorTest" name="testBasicAdditionMethodPositive on testBasicAdditionMethodPositive(_.pass_alexanderHolmstromIvanIgnatkov.BasicCalculatorTest)" time="0.003"/>
  <testcase classname="_.pass_alexanderHolmstromIvanIgnatkov.BasicCalculatorTest" name="testBasicSubtractionMethodPositive on testBasicSubtractionMethodPositive(_.pass_alexanderHolmstromIvanIgnatkov.BasicCalculatorTest)" time="0.004"/>
  <testcase classname="_.pass_alexanderHolmstromIvanIgnatkov.BasicCalculatorTest" name="testBasicDivisionMethodPositive on testBasicDivisionMethodPositive(_.pass_alexanderHolmstromIvanIgnatkov.BasicCalculatorTest)" time="0.004"/>
</testsuite> <!-- Surefire test -->
