<?xml version="1.0" encoding="UTF-8"?>
<testsuite xmlns:xsi="http://www.w3.org/2001/XMLSchema-instance" xsi:noNamespaceSchemaLocation="https://maven.apache.org/surefire/maven-surefire-plugin/xsd/surefire-test-report.xsd" name="_.pass_alexanderHolmstromIvanIgnatkov.BasicCalculatorTest" time="0.023" tests="4" errors="0" skipped="0" failures="0">
  <properties>
[...]
</properties>
  <testcase name="testBasicMultiplicationMethod" classname="_.pass_alexanderHolmstromIvanIgnatkov.BasicCalculatorTest" time="0.006"/>
  <testcase name="testBasicDivisionMethod" classname="_.pass_alexanderHolmstromIvanIgnatkov.BasicCalculatorTest" time="0.006"/>
  <testcase name="testBasicAdditionMethod" classname="_.pass_alexanderHolmstromIvanIgnatkov.BasicCalculatorTest" time="0.004"/>
  <testcase name="testBasicSubtractionMethod" classname="_.pass_alexanderHolmstromIvanIgnatkov.BasicCalculatorTest" time="0.005"/>
</testsuite>