<?xml version="1.0" encoding="UTF-8"?>
<testsuite xmlns:xsi="http://www.w3.org/2001/XMLSchema-instance" xsi:noNamespaceSchemaLocation="https://maven.apache.org/surefire/maven-surefire-plugin/xsd/surefire-test-report.xsd" name="TestSuite" time="0.791" tests="10" errors="0" skipped="0" failures="0">
  <properties>
[...]
</properties>
  <testcase name="testSquarerootMethodPositive on testSquarerootMethodPositive(_.pass_alexanderHolmstromIvanIgnatkov.AdvancedCalculatorTest)" classname="_.pass_alexanderHolmstromIvanIgnatkov.AdvancedCalculatorTest" time="0.01"/>
  <testcase name="testSquareZeroMethod on testSquareZeroMethod(_.pass_alexanderHolmstromIvanIgnatkov.AdvancedCalculatorTest)" classname="_.pass_alexanderHolmstromIvanIgnatkov.AdvancedCalculatorTest" time="0.006"/>
  <testcase name="testAbsoluteValueMethod on testAbsoluteValueMethod(_.pass_alexanderHolmstromIvanIgnatkov.AdvancedCalculatorTest)" classname="_.pass_alexanderHolmstromIvanIgnatkov.AdvancedCalculatorTest" time="0.006"/>
  <testcase name="testRaisedToThePowerOfMethod on testRaisedToThePowerOfMethod(_.pass_alexanderHolmstromIvanIgnatkov.AdvancedCalculatorTest)" classname="_.pass_alexanderHolmstromIvanIgnatkov.AdvancedCalculatorTest" time="0.007"/>
  <testcase name="testCubeMethodPositive on testCubeMethodPositive(_.pass_alexanderHolmstromIvanIgnatkov.AdvancedCalculatorTest)" classname="_.pass_alexanderHolmstromIvanIgnatkov.AdvancedCalculatorTest" time="0.012"/>
  <testcase name="testMainMethod on testMainMethod(_.pass_alexanderHolmstromIvanIgnatkov.MainTest)" classname="_.pass_alexanderHolmstromIvanIgnatkov.MainTest" time="0.002"/>
  <testcase name="testBasicMultiplicationMethodPositive on testBasicMultiplicationMethodPositive(_.pass_alexanderHolmstromIvanIgnatkov.BasicCalculatorTest)" classname="_.pass_alexanderHolmstromIvanIgnatkov.BasicCalculatorTest" time="0.013"/>
  <testcase name="testBasicAdditionMethodPositive on testBasicAdditionMethodPositive(_.pass_alexanderHolmstromIvanIgnatkov.BasicCalculatorTest)" classname="_.pass_alexanderHolmstromIvanIgnatkov.BasicCalculatorTest" time="0.005"/>
  <testcase name="testBasicSubtractionMethodPositive on testBasicSubtractionMethodPositive(_.pass_alexanderHolmstromIvanIgnatkov.BasicCalculatorTest)" classname="_.pass_alexanderHolmstromIvanIgnatkov.BasicCalculatorTest" time="0.003"/>
  <testcase name="testBasicDivisionMethodPositive on testBasicDivisionMethodPositive(_.pass_alexanderHolmstromIvanIgnatkov.BasicCalculatorTest)" classname="_.pass_alexanderHolmstromIvanIgnatkov.BasicCalculatorTest" time="0.004"/>
</testsuite>